<?xml version="1.0" encoding="UTF-8"?>
<testsuite name="tests.UsuariosServletTest" tests="4" skipped="0" failures="0" errors="0" timestamp="2016-10-28T08:57:03" hostname="DESKTOP-IHO29QE" time="12.297">
  <properties/>
  <testcase name="testPostErroneo" classname="tests.UsuariosServletTest" time="12.078"/>
  <testcase name="testGetOK" classname="tests.UsuariosServletTest" time="0.059"/>
  <testcase name="testGetErroneo" classname="tests.UsuariosServletTest" time="0.058"/>
  <testcase name="testPostOK" classname="tests.UsuariosServletTest" time="0.101"/>
  <system-out><![CDATA[Error al insertar usuario
Error en buscar Usuario
]]></system-out>
  <system-err><![CDATA[]]></system-err>
</testsuite>
