<?xml version="1.0" encoding="UTF-8"?>
<testsuite name="tests.UsuariosServletTest" tests="4" skipped="0" failures="0" errors="0" timestamp="2016-11-10T14:40:28" hostname="DESKTOP-IHO29QE" time="51.914">
  <properties/>
  <testcase name="testPostErroneo" classname="tests.UsuariosServletTest" time="16.01"/>
  <testcase name="testGetOK" classname="tests.UsuariosServletTest" time="0.06"/>
  <testcase name="testGetErroneo" classname="tests.UsuariosServletTest" time="0.061"/>
  <testcase name="testPostOK" classname="tests.UsuariosServletTest" time="35.782"/>
  <system-out><![CDATA[Error al insertar usuario
Error en buscar Usuario
]]></system-out>
  <system-err><![CDATA[]]></system-err>
</testsuite>
