<?xml version="1.0" encoding="UTF-8"?>
<testsuite name="tests.BDTest" tests="9" skipped="0" failures="0" errors="0" timestamp="2016-11-10T14:40:27" hostname="DESKTOP-IHO29QE" time="0.663">
  <properties/>
  <testcase name="AtestInsertarUsuario" classname="tests.BDTest" time="0.115"/>
  <testcase name="testActualizarUsuario" classname="tests.BDTest" time="0.103"/>
  <testcase name="testEliminarUsuario" classname="tests.BDTest" time="0.086"/>
  <testcase name="testFindComentario" classname="tests.BDTest" time="0.061"/>
  <testcase name="testFindDeporte" classname="tests.BDTest" time="0.059"/>
  <testcase name="testFindEvento" classname="tests.BDTest" time="0.059"/>
  <testcase name="testFindMensaje" classname="tests.BDTest" time="0.059"/>
  <testcase name="testFindUsuario" classname="tests.BDTest" time="0.061"/>
  <testcase name="testListarDeportes" classname="tests.BDTest" time="0.059"/>
  <system-out><![CDATA[]]></system-out>
  <system-err><![CDATA[]]></system-err>
</testsuite>
