<?xml version="1.0" encoding="UTF-8"?>
<testsuite name="tests.UsuariosServletTest" tests="4" skipped="0" failures="0" errors="0" timestamp="2016-11-07T13:47:47" hostname="MacBook-Pro-de-Luis.local" time="7.841">
  <properties/>
  <testcase name="testPostErroneo" classname="tests.UsuariosServletTest" time="7.671"/>
  <testcase name="testGetOK" classname="tests.UsuariosServletTest" time="0.048"/>
  <testcase name="testGetErroneo" classname="tests.UsuariosServletTest" time="0.048"/>
  <testcase name="testPostOK" classname="tests.UsuariosServletTest" time="0.074"/>
  <system-out><![CDATA[Error al insertar usuario
Error en buscar Usuario
]]></system-out>
  <system-err><![CDATA[]]></system-err>
</testsuite>
