<?xml version="1.0" encoding="UTF-8"?>
<testsuite name="test.java.tests.BDTest" tests="9" skipped="0" failures="0" errors="0" timestamp="2016-11-07T13:47:38" hostname="MacBook-Pro-de-Luis.local" time="0.551">
  <properties/>
  <testcase name="AtestInsertarUsuario" classname="test.java.tests.BDTest" time="0.11"/>
  <testcase name="testActualizarUsuario" classname="test.java.tests.BDTest" time="0.075"/>
  <testcase name="testEliminarUsuario" classname="test.java.tests.BDTest" time="0.075"/>
  <testcase name="testFindComentario" classname="test.java.tests.BDTest" time="0.058"/>
  <testcase name="testFindDeporte" classname="test.java.tests.BDTest" time="0.046"/>
  <testcase name="testFindEvento" classname="test.java.tests.BDTest" time="0.047"/>
  <testcase name="testFindMensaje" classname="test.java.tests.BDTest" time="0.046"/>
  <testcase name="testFindUsuario" classname="test.java.tests.BDTest" time="0.046"/>
  <testcase name="testListarDeportes" classname="test.java.tests.BDTest" time="0.046"/>
  <system-out><![CDATA[]]></system-out>
  <system-err><![CDATA[]]></system-err>
</testsuite>
