<?xml version="1.0" encoding="UTF-8"?>
<testsuite name="tests.BDTest" tests="9" skipped="0" failures="0" errors="0" timestamp="2016-11-07T13:47:47" hostname="MacBook-Pro-de-Luis.local" time="0.636">
  <properties/>
  <testcase name="AtestInsertarUsuario" classname="tests.BDTest" time="0.109"/>
  <testcase name="testActualizarUsuario" classname="tests.BDTest" time="0.108"/>
  <testcase name="testEliminarUsuario" classname="tests.BDTest" time="0.075"/>
  <testcase name="testFindComentario" classname="tests.BDTest" time="0.049"/>
  <testcase name="testFindDeporte" classname="tests.BDTest" time="0.048"/>
  <testcase name="testFindEvento" classname="tests.BDTest" time="0.048"/>
  <testcase name="testFindMensaje" classname="tests.BDTest" time="0.047"/>
  <testcase name="testFindUsuario" classname="tests.BDTest" time="0.102"/>
  <testcase name="testListarDeportes" classname="tests.BDTest" time="0.047"/>
  <system-out><![CDATA[]]></system-out>
  <system-err><![CDATA[]]></system-err>
</testsuite>
